[INFO ] 2022-04-24 22:25:21.409 [main] RailwayReservationSystemApplication - Entering Application...
[INFO ] 2022-04-24 22:25:21.567 [restartedMain] RailwayReservationSystemApplication - Entering Application...
[INFO ] 2022-04-24 22:25:22.848 [restartedMain] RailwayReservationSystemApplication - Starting RailwayReservationSystemApplication using Java 17.0.2 on LAPTOP-CN382MLM with PID 11676 (D:\sem 6\ooadjlab\BRUH\RailwayReservationSystem-main\target\classes started by Sagarika in D:\sem 6\ooadjlab\BRUH\RailwayReservationSystem-main)
[DEBUG] 2022-04-24 22:25:22.855 [restartedMain] RailwayReservationSystemApplication - Running with Spring Boot v2.5.3, Spring v5.3.9
[INFO ] 2022-04-24 22:25:22.857 [restartedMain] RailwayReservationSystemApplication - No active profile set, falling back to default profiles: default
[INFO ] 2022-04-24 22:26:24.748 [main] RailwayReservationSystemApplication - Entering Application...
[INFO ] 2022-04-24 22:26:24.889 [restartedMain] RailwayReservationSystemApplication - Entering Application...
[INFO ] 2022-04-24 22:26:25.568 [restartedMain] RailwayReservationSystemApplication - Starting RailwayReservationSystemApplication using Java 17.0.2 on LAPTOP-CN382MLM with PID 17924 (D:\sem 6\ooadjlab\BRUH\RailwayReservationSystem-main\target\classes started by Sagarika in D:\sem 6\ooadjlab\BRUH\RailwayReservationSystem-main)
[DEBUG] 2022-04-24 22:26:25.576 [restartedMain] RailwayReservationSystemApplication - Running with Spring Boot v2.5.3, Spring v5.3.9
[INFO ] 2022-04-24 22:26:25.583 [restartedMain] RailwayReservationSystemApplication - No active profile set, falling back to default profiles: default
[INFO ] 2022-04-24 22:28:07.043 [main] RailwayReservationSystemApplication - Entering Application...
[INFO ] 2022-04-24 22:28:07.268 [restartedMain] RailwayReservationSystemApplication - Entering Application...
[INFO ] 2022-04-24 22:28:08.187 [restartedMain] RailwayReservationSystemApplication - Starting RailwayReservationSystemApplication using Java 17.0.2 on LAPTOP-CN382MLM with PID 24256 (D:\sem 6\ooadjlab\BRUH\RailwayReservationSystem-main\target\classes started by Sagarika in D:\sem 6\ooadjlab\BRUH\RailwayReservationSystem-main)
[DEBUG] 2022-04-24 22:28:08.198 [restartedMain] RailwayReservationSystemApplication - Running with Spring Boot v2.5.3, Spring v5.3.9
[INFO ] 2022-04-24 22:28:08.203 [restartedMain] RailwayReservationSystemApplication - No active profile set, falling back to default profiles: default
[INFO ] 2022-04-24 22:28:19.947 [restartedMain] RailwayReservationSystemApplication - Started RailwayReservationSystemApplication in 12.68 seconds (JVM running for 13.697)
[INFO ] 2022-04-24 22:29:22.667 [http-nio-8080-exec-6] UserController - Creating new user....
[INFO ] 2022-04-24 22:29:23.206 [http-nio-8080-exec-6] UserController - User Created Successful For sagarikachavan1@gmail.com,Redirecting to login page...
[INFO ] 2022-04-24 22:30:09.657 [http-nio-8080-exec-3] UserController - Creating new user....
[INFO ] 2022-04-24 22:30:09.788 [http-nio-8080-exec-3] UserController - User Created Successful For sag@gmail.com,Redirecting to login page...
[INFO ] 2022-04-24 22:31:07.950 [http-nio-8080-exec-8] RedirectController - Authentication Success,Logged in successful
[INFO ] 2022-04-24 22:31:07.970 [http-nio-8080-exec-8] RedirectController - Logged in as ROLE_ADMIN with the id sag@gmail.com
[INFO ] 2022-04-24 22:31:41.986 [http-nio-8080-exec-5] TrainController - Adding New Train....
[INFO ] 2022-04-24 22:31:42.041 [http-nio-8080-exec-5] TrainController - New train with 1 added successful
[INFO ] 2022-04-24 22:31:52.247 [http-nio-8080-exec-8] TrainController - Getting List of Trains...
[INFO ] 2022-04-24 22:33:11.843 [http-nio-8080-exec-4] TrainController - Adding New Train....
[INFO ] 2022-04-24 22:33:11.914 [http-nio-8080-exec-4] TrainController - New train with 2 added successful
[INFO ] 2022-04-24 22:33:15.485 [http-nio-8080-exec-9] TrainController - Getting List of Trains...
[INFO ] 2022-04-24 22:33:20.832 [http-nio-8080-exec-1] UserController - Getting list of users...
[INFO ] 2022-04-24 22:33:25.082 [http-nio-8080-exec-5] RedirectController - Logged out success with id sag@gmail.com
[INFO ] 2022-04-24 22:33:43.756 [http-nio-8080-exec-3] RedirectController - Authentication Success,Logged in successful
[INFO ] 2022-04-24 22:33:43.804 [http-nio-8080-exec-3] RedirectController - Logged in as ROLE_USER with the id sagarikachavan1@gmail.com
[INFO ] 2022-04-24 22:33:59.036 [http-nio-8080-exec-6] TrainController - Getting available trains from Bangalore to Goa
[INFO ] 2022-04-24 22:35:27.216 [http-nio-8080-exec-1] RedirectController - Logged out success with id sagarikachavan1@gmail.com
[INFO ] 2022-04-24 22:39:56.803 [http-nio-8080-exec-9] UserController - Creating new user....
[INFO ] 2022-04-24 22:39:56.937 [http-nio-8080-exec-9] UserController - User Created Successful For done@gmail.com,Redirecting to login page...
[INFO ] 2022-04-24 22:40:56.104 [http-nio-8080-exec-2] RedirectController - Authentication Success,Logged in successful
[INFO ] 2022-04-24 22:40:56.122 [http-nio-8080-exec-2] RedirectController - Logged in as ROLE_ADMIN with the id sag@gmail.com
[INFO ] 2022-04-24 22:41:41.341 [http-nio-8080-exec-6] TrainController - Adding New Train....
[INFO ] 2022-04-24 22:41:41.431 [http-nio-8080-exec-6] TrainController - New train with 3 added successful
[INFO ] 2022-04-24 22:42:39.626 [http-nio-8080-exec-10] TrainController - Adding New Train....
[INFO ] 2022-04-24 22:42:39.669 [http-nio-8080-exec-10] TrainController - New train with 4 added successful
[INFO ] 2022-04-24 22:42:42.405 [http-nio-8080-exec-5] TrainController - Getting List of Trains...
[INFO ] 2022-04-24 22:43:07.559 [http-nio-8080-exec-7] UserController - Getting list of users...
[INFO ] 2022-04-24 22:43:40.214 [http-nio-8080-exec-10] TicketController - Searching for train tickets with the train name 
[INFO ] 2022-04-24 22:43:40.246 [http-nio-8080-exec-10] TicketController - Searching for train with the name  Not found
[INFO ] 2022-04-24 22:43:44.081 [http-nio-8080-exec-2] TicketController - Searching for train tickets with the train name express
[INFO ] 2022-04-24 22:43:44.109 [http-nio-8080-exec-2] TicketController - Train ticket details with the train name express has found
[INFO ] 2022-04-24 22:43:47.479 [http-nio-8080-exec-4] RedirectController - visitng profile for Admin
[INFO ] 2022-04-24 22:43:53.575 [http-nio-8080-exec-9] RedirectController - Logged out success with id sag@gmail.com
[INFO ] 2022-04-24 22:44:04.882 [http-nio-8080-exec-2] RedirectController - Authentication Success,Logged in successful
[INFO ] 2022-04-24 22:44:04.905 [http-nio-8080-exec-2] RedirectController - Logged in as ROLE_USER with the id sagarikachavan1@gmail.com
[INFO ] 2022-04-24 22:44:30.145 [http-nio-8080-exec-6] TrainController - Getting available trains from Bangalore to Goa
[INFO ] 2022-04-24 22:45:40.469 [http-nio-8080-exec-3] BookingController - adding passenger.....
[INFO ] 2022-04-24 22:45:40.470 [http-nio-8080-exec-3] TicketServiceImpl - Total Amount to pay 600
[INFO ] 2022-04-24 22:46:20.573 [http-nio-8080-exec-6] BookingController - adding passenger.....
[INFO ] 2022-04-24 22:46:20.573 [http-nio-8080-exec-6] TicketServiceImpl - Total Amount to pay 1200
[INFO ] 2022-04-24 22:46:37.458 [http-nio-8080-exec-3] BookingController - adding passenger.....
[INFO ] 2022-04-24 22:46:37.459 [http-nio-8080-exec-3] TicketServiceImpl - Total Amount to pay 1800
[INFO ] 2022-04-24 22:48:06.637 [http-nio-8080-exec-10] BookingController - Onsuccessful payment...
[INFO ] 2022-04-24 22:48:06.638 [http-nio-8080-exec-10] TicketServiceImpl - Creating ticket for user with Id sagarikachavan1@gmail.com
[INFO ] 2022-04-24 22:48:07.220 [http-nio-8080-exec-10] TicketServiceImpl - Decreasing Ticket Counts
[INFO ] 2022-04-24 22:48:07.249 [http-nio-8080-exec-10] BookingController - Ticket Booked Successful for user with id sagarikachavan1@gmail.com for the train No 1
[INFO ] 2022-04-24 22:48:14.919 [http-nio-8080-exec-1] TicketController - Getting ticket...
[INFO ] 2022-04-24 22:48:14.920 [http-nio-8080-exec-1] TicketServiceImpl - Getting Tickets of User with idsagarikachavan1@gmail.com
[INFO ] 2022-04-24 22:48:15.001 [http-nio-8080-exec-1] TicketController - Tickets found for user with Id sagarikachavan1@gmail.com
[INFO ] 2022-04-24 22:50:01.544 [http-nio-8080-exec-6] TicketController - Getting ticket...
[INFO ] 2022-04-24 22:50:01.545 [http-nio-8080-exec-6] TicketServiceImpl - Getting Tickets of User with idsagarikachavan1@gmail.com
[INFO ] 2022-04-24 22:50:01.630 [http-nio-8080-exec-6] TicketController - Tickets found for user with Id sagarikachavan1@gmail.com
[INFO ] 2022-04-24 22:50:13.753 [http-nio-8080-exec-1] TrainController - Getting available trains from Bangalore to Chennai
[INFO ] 2022-04-24 22:50:13.762 [http-nio-8080-exec-1] TrainController - No trains available for given location
[INFO ] 2022-04-24 22:50:21.246 [http-nio-8080-exec-6] TrainController - Getting available trains from Bangalore to pune
[INFO ] 2022-04-24 22:50:37.686 [http-nio-8080-exec-1] BookingController - adding passenger.....
[INFO ] 2022-04-24 22:50:37.688 [http-nio-8080-exec-1] TicketServiceImpl - Total Amount to pay 380
[INFO ] 2022-04-24 22:51:10.268 [http-nio-8080-exec-7] BookingController - Onsuccessful payment...
[INFO ] 2022-04-24 22:51:10.268 [http-nio-8080-exec-7] TicketServiceImpl - Creating ticket for user with Id sagarikachavan1@gmail.com
[INFO ] 2022-04-24 22:51:10.378 [http-nio-8080-exec-7] TicketServiceImpl - Decreasing Ticket Counts
[INFO ] 2022-04-24 22:51:10.434 [http-nio-8080-exec-7] BookingController - Ticket Booked Successful for user with id sagarikachavan1@gmail.com for the train No 4
[INFO ] 2022-04-24 22:51:11.849 [http-nio-8080-exec-10] TicketController - Getting ticket...
[INFO ] 2022-04-24 22:51:11.849 [http-nio-8080-exec-10] TicketServiceImpl - Getting Tickets of User with idsagarikachavan1@gmail.com
[INFO ] 2022-04-24 22:51:11.930 [http-nio-8080-exec-10] TicketController - Tickets found for user with Id sagarikachavan1@gmail.com
[INFO ] 2022-04-24 22:52:06.156 [http-nio-8080-exec-2] TicketController - Cancelling/deleting ticket....
[INFO ] 2022-04-24 22:52:06.254 [http-nio-8080-exec-2] TicketServiceImpl - Increasing Ticket counts....
[INFO ] 2022-04-24 22:52:06.571 [http-nio-8080-exec-2] TicketController - Ticket Cancelled or deleted Successful
[INFO ] 2022-04-24 22:52:06.600 [http-nio-8080-exec-5] TicketController - Getting ticket...
[INFO ] 2022-04-24 22:52:06.601 [http-nio-8080-exec-5] TicketServiceImpl - Getting Tickets of User with idsagarikachavan1@gmail.com
[INFO ] 2022-04-24 22:52:06.773 [http-nio-8080-exec-5] TicketController - Tickets found for user with Id sagarikachavan1@gmail.com
[INFO ] 2022-04-24 22:52:10.890 [http-nio-8080-exec-6] TicketController - Cancelling/deleting ticket....
[INFO ] 2022-04-24 22:52:10.945 [http-nio-8080-exec-6] TicketServiceImpl - Increasing Ticket counts....
[INFO ] 2022-04-24 22:52:11.045 [http-nio-8080-exec-6] TicketController - Ticket Cancelled or deleted Successful
[INFO ] 2022-04-24 22:52:11.052 [http-nio-8080-exec-9] TicketController - Getting ticket...
[INFO ] 2022-04-24 22:52:11.053 [http-nio-8080-exec-9] TicketServiceImpl - Getting Tickets of User with idsagarikachavan1@gmail.com
[INFO ] 2022-04-24 22:52:11.068 [http-nio-8080-exec-9] TicketController - Tickets found for user with Id sagarikachavan1@gmail.com
[INFO ] 2022-04-24 22:52:21.279 [http-nio-8080-exec-2] RedirectController - Logged out success with id sagarikachavan1@gmail.com
[INFO ] 2022-04-24 22:52:34.497 [http-nio-8080-exec-7] RedirectController - Authentication Success,Logged in successful
[INFO ] 2022-04-24 22:52:34.539 [http-nio-8080-exec-7] RedirectController - Logged in as ROLE_ADMIN with the id sag@gmail.com
[INFO ] 2022-04-24 22:52:41.708 [http-nio-8080-exec-2] TicketController - Searching for train tickets with the train name goa express
[INFO ] 2022-04-24 22:52:41.727 [http-nio-8080-exec-2] TicketController - Train ticket details with the train name goa express has found
[INFO ] 2022-04-24 22:52:45.472 [http-nio-8080-exec-4] TicketController - Searching for train tickets with the train name idk bruh
[INFO ] 2022-04-24 22:52:45.491 [http-nio-8080-exec-4] TicketController - Train ticket details with the train name idk bruh has found
[INFO ] 2022-04-24 22:52:49.056 [http-nio-8080-exec-9] TicketController - Searching for train tickets with the train name idk
[INFO ] 2022-04-24 22:52:49.075 [http-nio-8080-exec-9] TicketController - Train ticket details with the train name idk has found
[INFO ] 2022-04-24 22:52:51.947 [http-nio-8080-exec-10] TicketController - Searching for train tickets with the train name express
[INFO ] 2022-04-24 22:52:51.966 [http-nio-8080-exec-10] TicketController - Train ticket details with the train name express has found
